<?xml version="1.0" encoding="UTF-8"?>
<!-- Generated by org.testng.reporters.JUnitXMLReporter -->
<testsuite ignored="0" hostname="Sen" failures="0" tests="5" name="Test" time="68.214" errors="0" timestamp="2026-06-26T14:26:01 MESZ">
  <testcase classname="testScripts.ManageNewsTest" name="verifyUserIsAbleToCLickOnResetButton" time="7.121"/>
  <testcase classname="testScripts.ManageNewsTest" name="verifyUserIsAbleToClickNewNewsButton" time="5.035"/>
  <testcase classname="testScripts.ManageNewsTest" name="verifyUserIsAbleToEnterNewNews" time="5.579"/>
  <testcase classname="testScripts.ManageNewsTest" name="verifyUserIsAbleToEnterNewNewsWithFaker" time="7.116"/>
  <testcase classname="testScripts.ManageNewsTest" name="verifyUserIsAbleToSearchFromTheManageNewsPage" time="4.551"/>
</testsuite> <!-- Test -->
