<?xml version="1.0" encoding="UTF-8"?>
<!-- Generated by org.testng.reporters.JUnitReportReporter -->
<testsuite hostname="Sen" failures="0" tests="5" name="testScripts.ManageNewsTest" time="43.680" errors="0" timestamp="2026-06-26T23:20:35 MESZ" skipped="0">
  <testcase classname="testScripts.ManageNewsTest" name="verifyUserIsAbleToSearchFromTheManageNewsPage" time="6.371"/>
  <testcase classname="testScripts.ManageNewsTest" name="verifyUserIsAbleToCLickOnResetButton" time="9.768"/>
  <testcase classname="testScripts.ManageNewsTest" name="verifyUserIsAbleToClickNewNewsButton" time="7.009"/>
  <testcase classname="testScripts.ManageNewsTest" name="verifyUserIsAbleToEnterNewNews" time="8.210"/>
  <testcase classname="testScripts.ManageNewsTest" name="verifyUserIsAbleToEnterNewNewsWithFaker" time="12.322"/>
</testsuite> <!-- testScripts.ManageNewsTest -->
