<?xml version="1.0" encoding="UTF-8"?>
<!-- Generated by org.testng.reporters.JUnitReportReporter -->
<testsuite hostname="Sen" failures="0" tests="5" name="testScripts.LoginTest" time="22.700" errors="0" timestamp="2026-06-25T06:11:36 MESZ" skipped="0">
  <testcase classname="testScripts.LoginTest" name="verifyUserLoginWithValidCredentials" time="5.202"/>
  <testcase classname="testScripts.LoginTest" name="verifyUserLoginWithInValidCredentials" time="4.048"/>
  <testcase classname="testScripts.LoginTest" name="verifyUserLoginWithInValidUsernameAndValidPassword" time="4.182"/>
  <testcase classname="testScripts.LoginTest" name="verifyUserLoginWithValidUsernameAndInvalidPassword" time="5.184"/>
  <testcase classname="testScripts.LoginTest" name="verifyUserLoginWithValidUsernameAndInvalidPassword" time="4.084"/>
</testsuite> <!-- testScripts.LoginTest -->
