<?xml version="1.0" encoding="UTF-8"?>
<!-- Generated by org.testng.reporters.JUnitReportReporter -->
<testsuite hostname="Sen" failures="0" tests="5" name="testScripts.ManageNewsTest" time="68.099" errors="0" timestamp="2026-06-26T14:26:01 MESZ" skipped="0">
  <testcase classname="testScripts.ManageNewsTest" name="verifyUserIsAbleToEnterNewNewsWithFaker" time="13.333"/>
  <testcase classname="testScripts.ManageNewsTest" name="verifyUserIsAbleToSearchFromTheManageNewsPage" time="13.067"/>
  <testcase classname="testScripts.ManageNewsTest" name="verifyUserIsAbleToClickNewNewsButton" time="13.094"/>
  <testcase classname="testScripts.ManageNewsTest" name="verifyUserIsAbleToCLickOnResetButton" time="14.504"/>
  <testcase classname="testScripts.ManageNewsTest" name="verifyUserIsAbleToEnterNewNews" time="14.101"/>
</testsuite> <!-- testScripts.ManageNewsTest -->
