<?xml version="1.0" encoding="UTF-8"?>
<!-- Generated by org.testng.reporters.JUnitReportReporter -->
<testsuite hostname="Sen" failures="0" tests="3" name="testScripts.AdminUsersTest" time="104.968" errors="0" timestamp="2026-06-26T14:24:00 MESZ" skipped="0">
  <testcase classname="testScripts.AdminUsersTest" name="verifyUserIsAbleToAddNewUser" time="61.000"/>
  <testcase classname="testScripts.AdminUsersTest" name="verifyUserIsAbleToSearchUser" time="20.641"/>
  <testcase classname="testScripts.AdminUsersTest" name="verifyUserIsAbleToReset" time="23.327"/>
</testsuite> <!-- testScripts.AdminUsersTest -->
