<?xml version="1.0" encoding="UTF-8"?>
<testng-results ignored="0" total="5" passed="5" failed="0" skipped="0">
  <reporter-output>
  </reporter-output>
  <suite started-at="2026-06-26T14:24:52 MESZ" name="Suite" finished-at="2026-06-26T14:26:00 MESZ" duration-ms="68214">
    <groups>
    </groups>
    <test started-at="2026-06-26T14:24:52 MESZ" name="Test" finished-at="2026-06-26T14:26:00 MESZ" duration-ms="68214">
      <class name="testScripts.ManageNewsTest">
        <test-method is-config="true" signature="browserLaunch(java.lang.String)[pri:0, instance:testScripts.ManageNewsTest@1f9e9475]" started-at="2026-06-26T14:24:52 MESZ" name="browserLaunch" finished-at="2026-06-26T14:25:00 MESZ" duration-ms="7736" status="PASS">
          <params>
            <param index="0">
              <value>
                <![CDATA[Chrome]]>
              </value>
            </param>
          </params>
          <reporter-output>
          </reporter-output>
        </test-method> <!-- browserLaunch -->
        <test-method signature="verifyUserIsAbleToCLickOnResetButton()[pri:0, instance:testScripts.ManageNewsTest@1f9e9475]" started-at="2026-06-26T14:25:00 MESZ" name="verifyUserIsAbleToCLickOnResetButton" description="Validating User is able to click Reset Button from the Manage News page" finished-at="2026-06-26T14:25:07 MESZ" duration-ms="7121" status="PASS">
          <reporter-output>
          </reporter-output>
        </test-method> <!-- verifyUserIsAbleToCLickOnResetButton -->
        <test-method is-config="true" signature="browserClose(org.testng.ITestResult)[pri:0, instance:testScripts.ManageNewsTest@1f9e9475]" started-at="2026-06-26T14:25:07 MESZ" name="browserClose" finished-at="2026-06-26T14:25:07 MESZ" duration-ms="673" status="PASS">
          <params>
            <param index="0">
              <value>
                <![CDATA[[TestResult name=verifyUserIsAbleToCLickOnResetButton status=SUCCESS method=ManageNewsTest.verifyUserIsAbleToCLickOnResetButton()[pri:0, instance:testScripts.ManageNewsTest@1f9e9475] output={null}]]]>
              </value>
            </param>
          </params>
          <reporter-output>
          </reporter-output>
        </test-method> <!-- browserClose -->
        <test-method is-config="true" signature="browserLaunch(java.lang.String)[pri:0, instance:testScripts.ManageNewsTest@1f9e9475]" started-at="2026-06-26T14:25:07 MESZ" name="browserLaunch" finished-at="2026-06-26T14:25:15 MESZ" duration-ms="7897" status="PASS">
          <params>
            <param index="0">
              <value>
                <![CDATA[Chrome]]>
              </value>
            </param>
          </params>
          <reporter-output>
          </reporter-output>
        </test-method> <!-- browserLaunch -->
        <test-method signature="verifyUserIsAbleToClickNewNewsButton()[pri:0, instance:testScripts.ManageNewsTest@1f9e9475]" started-at="2026-06-26T14:25:15 MESZ" name="verifyUserIsAbleToClickNewNewsButton" description="Validating User is able to click New Button from Manage New" finished-at="2026-06-26T14:25:20 MESZ" duration-ms="5035" status="PASS">
          <reporter-output>
          </reporter-output>
        </test-method> <!-- verifyUserIsAbleToClickNewNewsButton -->
        <test-method is-config="true" signature="browserClose(org.testng.ITestResult)[pri:0, instance:testScripts.ManageNewsTest@1f9e9475]" started-at="2026-06-26T14:25:20 MESZ" name="browserClose" finished-at="2026-06-26T14:25:21 MESZ" duration-ms="619" status="PASS">
          <params>
            <param index="0">
              <value>
                <![CDATA[[TestResult name=verifyUserIsAbleToClickNewNewsButton status=SUCCESS method=ManageNewsTest.verifyUserIsAbleToClickNewNewsButton()[pri:0, instance:testScripts.ManageNewsTest@1f9e9475] output={null}]]]>
              </value>
            </param>
          </params>
          <reporter-output>
          </reporter-output>
        </test-method> <!-- browserClose -->
        <test-method is-config="true" signature="browserLaunch(java.lang.String)[pri:0, instance:testScripts.ManageNewsTest@1f9e9475]" started-at="2026-06-26T14:25:21 MESZ" name="browserLaunch" finished-at="2026-06-26T14:25:26 MESZ" duration-ms="5544" status="PASS">
          <params>
            <param index="0">
              <value>
                <![CDATA[Chrome]]>
              </value>
            </param>
          </params>
          <reporter-output>
          </reporter-output>
        </test-method> <!-- browserLaunch -->
        <test-method signature="verifyUserIsAbleToEnterNewNews()[pri:0, instance:testScripts.ManageNewsTest@1f9e9475]" started-at="2026-06-26T14:25:26 MESZ" name="verifyUserIsAbleToEnterNewNews" description="Validating User is able to Add new News(Hardcoded value)" finished-at="2026-06-26T14:25:32 MESZ" duration-ms="5579" status="PASS">
          <reporter-output>
          </reporter-output>
        </test-method> <!-- verifyUserIsAbleToEnterNewNews -->
        <test-method is-config="true" signature="browserClose(org.testng.ITestResult)[pri:0, instance:testScripts.ManageNewsTest@1f9e9475]" started-at="2026-06-26T14:25:32 MESZ" name="browserClose" finished-at="2026-06-26T14:25:33 MESZ" duration-ms="500" status="PASS">
          <params>
            <param index="0">
              <value>
                <![CDATA[[TestResult name=verifyUserIsAbleToEnterNewNews status=SUCCESS method=ManageNewsTest.verifyUserIsAbleToEnterNewNews()[pri:0, instance:testScripts.ManageNewsTest@1f9e9475] output={null}]]]>
              </value>
            </param>
          </params>
          <reporter-output>
          </reporter-output>
        </test-method> <!-- browserClose -->
        <test-method is-config="true" signature="browserLaunch(java.lang.String)[pri:0, instance:testScripts.ManageNewsTest@1f9e9475]" started-at="2026-06-26T14:25:33 MESZ" name="browserLaunch" finished-at="2026-06-26T14:25:40 MESZ" duration-ms="7047" status="PASS">
          <params>
            <param index="0">
              <value>
                <![CDATA[Chrome]]>
              </value>
            </param>
          </params>
          <reporter-output>
          </reporter-output>
        </test-method> <!-- browserLaunch -->
        <test-method signature="verifyUserIsAbleToEnterNewNewsWithFaker()[pri:0, instance:testScripts.ManageNewsTest@1f9e9475]" started-at="2026-06-26T14:25:40 MESZ" name="verifyUserIsAbleToEnterNewNewsWithFaker" description="Validating User is able to add random news using Faker class" finished-at="2026-06-26T14:25:47 MESZ" duration-ms="7116" status="PASS">
          <reporter-output>
          </reporter-output>
        </test-method> <!-- verifyUserIsAbleToEnterNewNewsWithFaker -->
        <test-method is-config="true" signature="browserClose(org.testng.ITestResult)[pri:0, instance:testScripts.ManageNewsTest@1f9e9475]" started-at="2026-06-26T14:25:47 MESZ" name="browserClose" finished-at="2026-06-26T14:25:47 MESZ" duration-ms="323" status="PASS">
          <params>
            <param index="0">
              <value>
                <![CDATA[[TestResult name=verifyUserIsAbleToEnterNewNewsWithFaker status=SUCCESS method=ManageNewsTest.verifyUserIsAbleToEnterNewNewsWithFaker()[pri:0, instance:testScripts.ManageNewsTest@1f9e9475] output={null}]]]>
              </value>
            </param>
          </params>
          <reporter-output>
          </reporter-output>
        </test-method> <!-- browserClose -->
        <test-method is-config="true" signature="browserLaunch(java.lang.String)[pri:0, instance:testScripts.ManageNewsTest@1f9e9475]" started-at="2026-06-26T14:25:47 MESZ" name="browserLaunch" finished-at="2026-06-26T14:25:55 MESZ" duration-ms="8022" status="PASS">
          <params>
            <param index="0">
              <value>
                <![CDATA[Chrome]]>
              </value>
            </param>
          </params>
          <reporter-output>
          </reporter-output>
        </test-method> <!-- browserLaunch -->
        <test-method signature="verifyUserIsAbleToSearchFromTheManageNewsPage()[pri:0, instance:testScripts.ManageNewsTest@1f9e9475]" started-at="2026-06-26T14:25:55 MESZ" name="verifyUserIsAbleToSearchFromTheManageNewsPage" description="Validating User is able to search user from the Manage News Page" finished-at="2026-06-26T14:26:00 MESZ" duration-ms="4551" status="PASS">
          <reporter-output>
          </reporter-output>
        </test-method> <!-- verifyUserIsAbleToSearchFromTheManageNewsPage -->
        <test-method is-config="true" signature="browserClose(org.testng.ITestResult)[pri:0, instance:testScripts.ManageNewsTest@1f9e9475]" started-at="2026-06-26T14:26:00 MESZ" name="browserClose" finished-at="2026-06-26T14:26:00 MESZ" duration-ms="336" status="PASS">
          <params>
            <param index="0">
              <value>
                <![CDATA[[TestResult name=verifyUserIsAbleToSearchFromTheManageNewsPage status=SUCCESS method=ManageNewsTest.verifyUserIsAbleToSearchFromTheManageNewsPage()[pri:0, instance:testScripts.ManageNewsTest@1f9e9475] output={null}]]]>
              </value>
            </param>
          </params>
          <reporter-output>
          </reporter-output>
        </test-method> <!-- browserClose -->
      </class> <!-- testScripts.ManageNewsTest -->
    </test> <!-- Test -->
  </suite> <!-- Suite -->
</testng-results>
