<?xml version="1.0" encoding="UTF-8"?>
<!-- Generated by org.testng.reporters.JUnitXMLReporter -->
<testsuite ignored="0" hostname="Sen" failures="0" tests="5" name="Test" time="43.768" errors="0" timestamp="2026-06-26T23:20:35 MESZ">
  <testcase classname="testScripts.ManageNewsTest" name="verifyUserIsAbleToCLickOnResetButton" time="4.892"/>
  <testcase classname="testScripts.ManageNewsTest" name="verifyUserIsAbleToClickNewNewsButton" time="2.977"/>
  <testcase classname="testScripts.ManageNewsTest" name="verifyUserIsAbleToEnterNewNews" time="4.06"/>
  <testcase classname="testScripts.ManageNewsTest" name="verifyUserIsAbleToEnterNewNewsWithFaker" time="6.95"/>
  <testcase classname="testScripts.ManageNewsTest" name="verifyUserIsAbleToSearchFromTheManageNewsPage" time="2.421"/>
</testsuite> <!-- Test -->
