<?xml version="1.0" encoding="UTF-8"?>
<!-- Generated by org.testng.reporters.JUnitXMLReporter -->
<testsuite ignored="2" hostname="Sen" failures="0" tests="2" name="Edge Test" time="13.386" errors="0" timestamp="2026-06-16T07:58:15 MESZ">
  <testcase classname="testScripts.LoginTest" name="verifyUserLoginWithValidCredentials" time="2.51"/>
  <testcase classname="testScripts.LoginTest" name="verifyUserLoginWithInValidCredentials" time="1.344"/>
  <testcase classname="testScripts.LoginTest" name="verifyUserLoginWithValidUsernameAndInvalidPassword" time="0.0">
    <ignored/>
  </testcase> <!-- verifyUserLoginWithValidUsernameAndInvalidPassword -->
  <testcase classname="testScripts.LoginTest" name="verifyUserLoginWithInValidUsernameAndValidPassword" time="0.0">
    <ignored/>
  </testcase> <!-- verifyUserLoginWithInValidUsernameAndValidPassword -->
</testsuite> <!-- Edge Test -->
