<?xml version="1.0" encoding="UTF-8"?>
<!-- Generated by org.testng.reporters.JUnitXMLReporter -->
<testsuite ignored="2" hostname="Sen" failures="0" tests="2" name="Test" time="13.379" errors="0" timestamp="2026-06-16T08:10:45 MESZ">
  <testcase classname="testScripts.LoginTest" name="verifyUserLoginWithValidCredentials" time="2.058"/>
  <testcase classname="testScripts.LoginTest" name="verifyUserLoginWithValidUsernameAndInvalidPassword" time="1.084"/>
  <testcase classname="testScripts.LoginTest" name="verifyUserLoginWithInValidCredentials" time="0.0">
    <ignored/>
  </testcase> <!-- verifyUserLoginWithInValidCredentials -->
  <testcase classname="testScripts.LoginTest" name="verifyUserLoginWithInValidUsernameAndValidPassword" time="0.0">
    <ignored/>
  </testcase> <!-- verifyUserLoginWithInValidUsernameAndValidPassword -->
</testsuite> <!-- Test -->
